<?xml version="1.0" encoding="UTF-8"?>
<!-- Generated by org.testng.reporters.JUnitReportReporter -->
<testsuite hostname="Sarojs-iMac.local" failures="0" tests="1" name="testcases.saroj.BB_TestCase_03" time="21.979" errors="0" timestamp="2024-01-09T15:42:48 EST" skipped="0">
  <testcase classname="testcases.saroj.BB_TestCase_03" name="updateQuantityInCart" time="21.979"/>
  <system-out/>
</testsuite> <!-- testcases.saroj.BB_TestCase_03 -->
