<?xml version="1.0" encoding="UTF-8"?>
<!-- Generated by org.testng.reporters.JUnitReportReporter -->
<testsuite hostname="Sarojs-iMac.local" failures="0" tests="1" name="testcases.saroj.TestForMember" time="9.060" errors="0" timestamp="2024-01-09T16:48:15 EST" skipped="0">
  <testcase classname="testcases.saroj.TestForMember" name="testOnly" time="9.060"/>
  <system-out/>
</testsuite> <!-- testcases.saroj.TestForMember -->
